pipewire
pipewire-alsa
pipewire-audio
pipewire-jack
pipewire-pulse
gst-plugin-pipewire
wireplumber
networkmanager
network-manager-applet
bluez
bluez-utils
libreoffice
blueman
brightnessctl
sddm
qt5-wayland
qt6-wayland
qt5-quickcontrols
qt5-quickcontrols2
qt5-graphicaleffects
hyprland-git
dunst
rofi-lbonn-wayland-git
waybar
swww
swaylock-effects-git
wlogout
flameshot-git
grim
slurp
swappy
cliphist
polkit-gnome
xdg-desktop-portal-hyprland
imagemagick
qt5-imageformats
pavucontrol
pamixer
nwg-look
kvantum
qt5ct
brave-bin
kitty
neofetch
dolphin
visual-studio-code-bin
neovim
ark
eza
#pokemon-colorscripts-git